
> connectimi-frontend@0.0.0 build
> vite build

[36mvite v7.3.0 [32mbuilding client environment for production...[36m[39m
transforming...
[plugin vite:esbuild] src/components/Icon.jsx: Duplicate key "calendar-alt" in object literal
64 |    'chart-line': FiChartLine,
65 |    'map-marker-alt': FiMapPin,
66 |    'calendar-alt': FiCalendar
   |    ^
67 |  };
68 |  export default function Icon(t0) {

[32mΓ£ô[39m 88 modules transformed.
Γ£ù Build failed in 5.37s
error during build:
src/components/Icon.jsx (9:67): "FiChartLine" is not exported by "node_modules/react-icons/fi/index.mjs", imported by "src/components/Icon.jsx".
file: C:/Users/suroj/OneDrive/Desktop/connectimi/connectimi-web-frontend/src/components/Icon.jsx:9:67

 7:   FiShare2, FiAlertTriangle, FiFile, FiMoon, FiSun, FiHash, FiCalendar,
 8:   FiThumbsUp, FiMessageSquare, FiBookmark, FiImage, FiVideo, FiEye, FiTrendingUp,
 9:   FiLock, FiUnlock, FiCheckCircle, FiClock, FiCheck, FiArrowRight, FiChartLine
                                                                       ^
10: } from 'react-icons/fi';

    at getRollupError (file:///C:/Users/suroj/OneDrive/Desktop/connectimi/connectimi-web-frontend/node_modules/rollup/dist/es/shared/parseAst.js:401:41)
    at error (file:///C:/Users/suroj/OneDrive/Desktop/connectimi/connectimi-web-frontend/node_modules/rollup/dist/es/shared/parseAst.js:397:42)
    at Module.error (file:///C:/Users/suroj/OneDrive/Desktop/connectimi/connectimi-web-frontend/node_modules/rollup/dist/es/shared/node-entry.js:17022:16)
    at Module.traceVariable (file:///C:/Users/suroj/OneDrive/Desktop/connectimi/connectimi-web-frontend/node_modules/rollup/dist/es/shared/node-entry.js:17478:29)
    at ModuleScope.findVariable (file:///C:/Users/suroj/OneDrive/Desktop/connectimi/connectimi-web-frontend/node_modules/rollup/dist/es/shared/node-entry.js:15141:39)
    at Identifier.bind (file:///C:/Users/suroj/OneDrive/Desktop/connectimi/connectimi-web-frontend/node_modules/rollup/dist/es/shared/node-entry.js:5462:40)
    at Property.bind (file:///C:/Users/suroj/OneDrive/Desktop/connectimi/connectimi-web-frontend/node_modules/rollup/dist/es/shared/node-entry.js:2829:23)
    at ObjectExpression.bind (file:///C:/Users/suroj/OneDrive/Desktop/connectimi/connectimi-web-frontend/node_modules/rollup/dist/es/shared/node-entry.js:2825:28)
    at VariableDeclarator.bind (file:///C:/Users/suroj/OneDrive/Desktop/connectimi/connectimi-web-frontend/node_modules/rollup/dist/es/shared/node-entry.js:2829:23)
    at VariableDeclaration.bind (file:///C:/Users/suroj/OneDrive/Desktop/connectimi/connectimi-web-frontend/node_modules/rollup/dist/es/shared/node-entry.js:2825:28)
    at Program.bind (file:///C:/Users/suroj/OneDrive/Desktop/connectimi/connectimi-web-frontend/node_modules/rollup/dist/es/shared/node-entry.js:2825:28)
    at Module.bindReferences (file:///C:/Users/suroj/OneDrive/Desktop/connectimi/connectimi-web-frontend/node_modules/rollup/dist/es/shared/node-entry.js:17001:18)
    at Graph.sortModules (file:///C:/Users/suroj/OneDrive/Desktop/connectimi/connectimi-web-frontend/node_modules/rollup/dist/es/shared/node-entry.js:22817:20)
    at Graph.build (file:///C:/Users/suroj/OneDrive/Desktop/connectimi/connectimi-web-frontend/node_modules/rollup/dist/es/shared/node-entry.js:22715:14)
    at async file:///C:/Users/suroj/OneDrive/Desktop/connectimi/connectimi-web-frontend/node_modules/rollup/dist/es/shared/node-entry.js:23406:13
    at async catchUnfinishedHookActions (file:///C:/Users/suroj/OneDrive/Desktop/connectimi/connectimi-web-frontend/node_modules/rollup/dist/es/shared/node-entry.js:22876:16)
    at async rollupInternal (file:///C:/Users/suroj/OneDrive/Desktop/connectimi/connectimi-web-frontend/node_modules/rollup/dist/es/shared/node-entry.js:23401:5)
    at async buildEnvironment (file:///C:/Users/suroj/OneDrive/Desktop/connectimi/connectimi-web-frontend/node_modules/vite/dist/node/chunks/config.js:33540:12)
    at async Object.build (file:///C:/Users/suroj/OneDrive/Desktop/connectimi/connectimi-web-frontend/node_modules/vite/dist/node/chunks/config.js:33899:19)
    at async Object.buildApp (file:///C:/Users/suroj/OneDrive/Desktop/connectimi/connectimi-web-frontend/node_modules/vite/dist/node/chunks/config.js:33896:153)
    at async CAC.<anonymous> (file:///C:/Users/suroj/OneDrive/Desktop/connectimi/connectimi-web-frontend/node_modules/vite/dist/node/cli.js:629:3)
